<?xml version="1.0" encoding="UTF-8"?>
<testsuite xmlns:xsi="http://www.w3.org/2001/XMLSchema-instance" xsi:noNamespaceSchemaLocation="https://maven.apache.org/surefire/maven-surefire-plugin/xsd/surefire-test-report.xsd" name="at.fhtw.swen3.services.mapper.EntitiesMappersTest" time="0.241" tests="18" errors="0" skipped="0" failures="0">
  <properties>
[...]
</properties>
  <testcase name="warehouseNextHopsToWarehouseNextHopsDto" classname="at.fhtw.swen3.services.mapper.EntitiesMappersTest" time="0.008"/>
  <testcase name="hopDtoToHop" classname="at.fhtw.swen3.services.mapper.EntitiesMappersTest" time="0"/>
  <testcase name="errorToErrorDto" classname="at.fhtw.swen3.services.mapper.EntitiesMappersTest" time="0.003"/>
  <testcase name="warehouseToWarehouseDto" classname="at.fhtw.swen3.services.mapper.EntitiesMappersTest" time="0.002"/>
  <testcase name="transfarewarehouseDtoToTransferwarehouse" classname="at.fhtw.swen3.services.mapper.EntitiesMappersTest" time="0.002"/>
  <testcase name="truckDtoToTruck" classname="at.fhtw.swen3.services.mapper.EntitiesMappersTest" time="0.002"/>
  <testcase name="transfarewarehouseToTransferwarehouseDto" classname="at.fhtw.swen3.services.mapper.EntitiesMappersTest" time="0"/>
  <testcase name="hopToHopDto" classname="at.fhtw.swen3.services.mapper.EntitiesMappersTest" time="0"/>
  <testcase name="hopArrivalToHopArrivalDto" classname="at.fhtw.swen3.services.mapper.EntitiesMappersTest" time="0.066"/>
  <testcase name="recipientDtoToRecipient" classname="at.fhtw.swen3.services.mapper.EntitiesMappersTest" time="0.001"/>
  <testcase name="recipientToRecipientDto" classname="at.fhtw.swen3.services.mapper.EntitiesMappersTest" time="0"/>
  <testcase name="geoCoordinateDtoToGeoCoordinate" classname="at.fhtw.swen3.services.mapper.EntitiesMappersTest" time="0"/>
  <testcase name="warehouseDtoToWarehouse" classname="at.fhtw.swen3.services.mapper.EntitiesMappersTest" time="0"/>
  <testcase name="errorDtoToError" classname="at.fhtw.swen3.services.mapper.EntitiesMappersTest" time="0"/>
  <testcase name="geoCoordinateToGeoCoordinateDto" classname="at.fhtw.swen3.services.mapper.EntitiesMappersTest" time="0.001"/>
  <testcase name="warehouseNextHopsDtoToWarehouseNextHops" classname="at.fhtw.swen3.services.mapper.EntitiesMappersTest" time="0"/>
  <testcase name="truckToTruckDto" classname="at.fhtw.swen3.services.mapper.EntitiesMappersTest" time="0"/>
  <testcase name="hopArrivalDtoToHopArrival" classname="at.fhtw.swen3.services.mapper.EntitiesMappersTest" time="0"/>
</testsuite>